<?xml version="1.0" encoding="UTF-8"?>
<testng-results ignored="0" total="1" passed="1" failed="0" skipped="0">
  <reporter-output>
  </reporter-output>
  <suite started-at="2024-12-06T12:58:15 IST" name="Default suite" finished-at="2024-12-06T12:58:17 IST" duration-ms="1718">
    <groups>
    </groups>
    <test started-at="2024-12-06T12:58:15 IST" name="Default test" finished-at="2024-12-06T12:58:17 IST" duration-ms="1718">
      <class name="com.api.test1.OAuth2API">
        <test-method signature="OAthu2APITest()[pri:0, instance:com.api.test1.OAuth2API@6adbc9d]" started-at="2024-12-06T12:58:15 IST" name="OAthu2APITest" finished-at="2024-12-06T12:58:17 IST" duration-ms="1682" status="PASS">
          <reporter-output>
          </reporter-output>
        </test-method> <!-- OAthu2APITest -->
      </class> <!-- com.api.test1.OAuth2API -->
    </test> <!-- Default test -->
  </suite> <!-- Default suite -->
</testng-results>
